=== Validation Report ===
/home/runner/work/spid-registry-repo/spid-registry-repo/scripts/validate_metadata_qad.py:84: CryptographyDeprecationWarning: Properties that return a naïve datetime object have been deprecated. Please switch to not_valid_after_utc.
  expiry = cert.not_valid_after.replace(tzinfo=timezone.utc)
[WARN] xmlsec1 non trovato, skip firma
✅ metadata/40B59AWR.xml valido secondo QAD
[Fri Sep 19 13:22:27 UTC 2025] VALID: 40B59AWR.xml
/home/runner/work/spid-registry-repo/spid-registry-repo/scripts/validate_metadata_qad.py:84: CryptographyDeprecationWarning: Properties that return a naïve datetime object have been deprecated. Please switch to not_valid_after_utc.
  expiry = cert.not_valid_after.replace(tzinfo=timezone.utc)
[WARN] xmlsec1 non trovato, skip firma
--- ERRORI in metadata/C_I998.xml ---
[1.5.2] OrgName deve avere almeno 'it' e 'en' ❌
[1.5.5] OrgDisplayName deve avere almeno 'it' e 'en' ❌
[1.5.8] OrgURL deve avere almeno 'it' e 'en' ❌
[Fri Sep 19 13:22:27 UTC 2025] INVALID: C_I998.xml
/home/runner/work/spid-registry-repo/spid-registry-repo/scripts/validate_metadata_qad.py:84: CryptographyDeprecationWarning: Properties that return a naïve datetime object have been deprecated. Please switch to not_valid_after_utc.
  expiry = cert.not_valid_after.replace(tzinfo=timezone.utc)
[WARN] xmlsec1 non trovato, skip firma
--- ERRORI in metadata/agid_suap.xml ---
[1.5.2] OrgName deve avere almeno 'it' e 'en' ❌
[1.5.5] OrgDisplayName deve avere almeno 'it' e 'en' ❌
[1.5.8] OrgURL deve avere almeno 'it' e 'en' ❌
[Fri Sep 19 13:22:27 UTC 2025] INVALID: agid_suap.xml
/home/runner/work/spid-registry-repo/spid-registry-repo/scripts/validate_metadata_qad.py:84: CryptographyDeprecationWarning: Properties that return a naïve datetime object have been deprecated. Please switch to not_valid_after_utc.
  expiry = cert.not_valid_after.replace(tzinfo=timezone.utc)
[WARN] xmlsec1 non trovato, skip firma
--- ERRORI in metadata/asl_fg.xml ---
[1.5.2] OrgName deve avere almeno 'it' e 'en' ❌
[1.5.5] OrgDisplayName deve avere almeno 'it' e 'en' ❌
[1.5.8] OrgURL deve avere almeno 'it' e 'en' ❌
[Fri Sep 19 13:22:27 UTC 2025] INVALID: asl_fg.xml
/home/runner/work/spid-registry-repo/spid-registry-repo/scripts/validate_metadata_qad.py:84: CryptographyDeprecationWarning: Properties that return a naïve datetime object have been deprecated. Please switch to not_valid_after_utc.
  expiry = cert.not_valid_after.replace(tzinfo=timezone.utc)
[WARN] xmlsec1 non trovato, skip firma
--- ERRORI in metadata/aspms.xml ---
[1.5.2] OrgName deve avere almeno 'it' e 'en' ❌
[1.5.5] OrgDisplayName deve avere almeno 'it' e 'en' ❌
[1.5.8] OrgURL deve avere almeno 'it' e 'en' ❌
[Fri Sep 19 13:22:27 UTC 2025] INVALID: aspms.xml
/home/runner/work/spid-registry-repo/spid-registry-repo/scripts/validate_metadata_qad.py:84: CryptographyDeprecationWarning: Properties that return a naïve datetime object have been deprecated. Please switch to not_valid_after_utc.
  expiry = cert.not_valid_after.replace(tzinfo=timezone.utc)
[WARN] xmlsec1 non trovato, skip firma
✅ metadata/c_a485.xml valido secondo QAD
[Fri Sep 19 13:22:28 UTC 2025] VALID: c_a485.xml
/home/runner/work/spid-registry-repo/spid-registry-repo/scripts/validate_metadata_qad.py:84: CryptographyDeprecationWarning: Properties that return a naïve datetime object have been deprecated. Please switch to not_valid_after_utc.
  expiry = cert.not_valid_after.replace(tzinfo=timezone.utc)
[WARN] xmlsec1 non trovato, skip firma
--- ERRORI in metadata/c_a613.xml ---
[1.5.2] OrgName deve avere almeno 'it' e 'en' ❌
[1.5.5] OrgDisplayName deve avere almeno 'it' e 'en' ❌
[1.5.8] OrgURL deve avere almeno 'it' e 'en' ❌
[Fri Sep 19 13:22:28 UTC 2025] INVALID: c_a613.xml
/home/runner/work/spid-registry-repo/spid-registry-repo/scripts/validate_metadata_qad.py:84: CryptographyDeprecationWarning: Properties that return a naïve datetime object have been deprecated. Please switch to not_valid_after_utc.
  expiry = cert.not_valid_after.replace(tzinfo=timezone.utc)
[WARN] xmlsec1 non trovato, skip firma
--- ERRORI in metadata/c_a794.xml ---
[1.5.2] OrgName deve avere almeno 'it' e 'en' ❌
[1.5.5] OrgDisplayName deve avere almeno 'it' e 'en' ❌
[1.5.8] OrgURL deve avere almeno 'it' e 'en' ❌
[Cert 3] Certificato scaduto il 2024-03-09 21:09:26+00:00 ❌
[Cert 4] Certificato scaduto il 2024-03-09 21:09:26+00:00 ❌
[Fri Sep 19 13:22:28 UTC 2025] INVALID: c_a794.xml
/home/runner/work/spid-registry-repo/spid-registry-repo/scripts/validate_metadata_qad.py:84: CryptographyDeprecationWarning: Properties that return a naïve datetime object have been deprecated. Please switch to not_valid_after_utc.
  expiry = cert.not_valid_after.replace(tzinfo=timezone.utc)
[WARN] xmlsec1 non trovato, skip firma
✅ metadata/c_b198.xml valido secondo QAD
[Fri Sep 19 13:22:28 UTC 2025] VALID: c_b198.xml
/home/runner/work/spid-registry-repo/spid-registry-repo/scripts/validate_metadata_qad.py:84: CryptographyDeprecationWarning: Properties that return a naïve datetime object have been deprecated. Please switch to not_valid_after_utc.
  expiry = cert.not_valid_after.replace(tzinfo=timezone.utc)
[WARN] xmlsec1 non trovato, skip firma
--- ERRORI in metadata/c_b415.xml ---
[1.5.2] OrgName deve avere almeno 'it' e 'en' ❌
[1.5.5] OrgDisplayName deve avere almeno 'it' e 'en' ❌
[1.5.8] OrgURL deve avere almeno 'it' e 'en' ❌
[Fri Sep 19 13:22:28 UTC 2025] INVALID: c_b415.xml
/home/runner/work/spid-registry-repo/spid-registry-repo/scripts/validate_metadata_qad.py:84: CryptographyDeprecationWarning: Properties that return a naïve datetime object have been deprecated. Please switch to not_valid_after_utc.
  expiry = cert.not_valid_after.replace(tzinfo=timezone.utc)
[WARN] xmlsec1 non trovato, skip firma
✅ metadata/c_b441.xml valido secondo QAD
[Fri Sep 19 13:22:28 UTC 2025] VALID: c_b441.xml
/home/runner/work/spid-registry-repo/spid-registry-repo/scripts/validate_metadata_qad.py:84: CryptographyDeprecationWarning: Properties that return a naïve datetime object have been deprecated. Please switch to not_valid_after_utc.
  expiry = cert.not_valid_after.replace(tzinfo=timezone.utc)
[WARN] xmlsec1 non trovato, skip firma
✅ metadata/c_c954.xml valido secondo QAD
[Fri Sep 19 13:22:28 UTC 2025] VALID: c_c954.xml
/home/runner/work/spid-registry-repo/spid-registry-repo/scripts/validate_metadata_qad.py:84: CryptographyDeprecationWarning: Properties that return a naïve datetime object have been deprecated. Please switch to not_valid_after_utc.
  expiry = cert.not_valid_after.replace(tzinfo=timezone.utc)
[WARN] xmlsec1 non trovato, skip firma
✅ metadata/c_e760.xml valido secondo QAD
[Fri Sep 19 13:22:28 UTC 2025] VALID: c_e760.xml
/home/runner/work/spid-registry-repo/spid-registry-repo/scripts/validate_metadata_qad.py:84: CryptographyDeprecationWarning: Properties that return a naïve datetime object have been deprecated. Please switch to not_valid_after_utc.
  expiry = cert.not_valid_after.replace(tzinfo=timezone.utc)
[WARN] xmlsec1 non trovato, skip firma
✅ metadata/c_fu3v.xml valido secondo QAD
[Fri Sep 19 13:22:28 UTC 2025] VALID: c_fu3v.xml
/home/runner/work/spid-registry-repo/spid-registry-repo/scripts/validate_metadata_qad.py:84: CryptographyDeprecationWarning: Properties that return a naïve datetime object have been deprecated. Please switch to not_valid_after_utc.
  expiry = cert.not_valid_after.replace(tzinfo=timezone.utc)
[WARN] xmlsec1 non trovato, skip firma
--- ERRORI in metadata/c_h369.xml ---
[1.5.2] OrgName deve avere almeno 'it' e 'en' ❌
[1.5.5] OrgDisplayName deve avere almeno 'it' e 'en' ❌
[1.5.8] OrgURL deve avere almeno 'it' e 'en' ❌
[Cert 1] Certificato scaduto il 2024-04-01 08:32:26+00:00 ❌
[Cert 2] Certificato scaduto il 2024-04-01 08:32:26+00:00 ❌
[Fri Sep 19 13:22:28 UTC 2025] INVALID: c_h369.xml
/home/runner/work/spid-registry-repo/spid-registry-repo/scripts/validate_metadata_qad.py:84: CryptographyDeprecationWarning: Properties that return a naïve datetime object have been deprecated. Please switch to not_valid_after_utc.
  expiry = cert.not_valid_after.replace(tzinfo=timezone.utc)
[WARN] xmlsec1 non trovato, skip firma
--- ERRORI in metadata/c_h422.xml ---
[1.5.2] OrgName deve avere almeno 'it' e 'en' ❌
[1.5.5] OrgDisplayName deve avere almeno 'it' e 'en' ❌
[1.5.8] OrgURL deve avere almeno 'it' e 'en' ❌
[Fri Sep 19 13:22:28 UTC 2025] INVALID: c_h422.xml
/home/runner/work/spid-registry-repo/spid-registry-repo/scripts/validate_metadata_qad.py:84: CryptographyDeprecationWarning: Properties that return a naïve datetime object have been deprecated. Please switch to not_valid_after_utc.
  expiry = cert.not_valid_after.replace(tzinfo=timezone.utc)
[WARN] xmlsec1 non trovato, skip firma
✅ metadata/c_h772.xml valido secondo QAD
[Fri Sep 19 13:22:29 UTC 2025] VALID: c_h772.xml
/home/runner/work/spid-registry-repo/spid-registry-repo/scripts/validate_metadata_qad.py:84: CryptographyDeprecationWarning: Properties that return a naïve datetime object have been deprecated. Please switch to not_valid_after_utc.
  expiry = cert.not_valid_after.replace(tzinfo=timezone.utc)
[WARN] xmlsec1 non trovato, skip firma
✅ metadata/c_i120.xml valido secondo QAD
[Fri Sep 19 13:22:29 UTC 2025] VALID: c_i120.xml
/home/runner/work/spid-registry-repo/spid-registry-repo/scripts/validate_metadata_qad.py:84: CryptographyDeprecationWarning: Properties that return a naïve datetime object have been deprecated. Please switch to not_valid_after_utc.
  expiry = cert.not_valid_after.replace(tzinfo=timezone.utc)
[WARN] xmlsec1 non trovato, skip firma
✅ metadata/c_i393.xml valido secondo QAD
[Fri Sep 19 13:22:29 UTC 2025] VALID: c_i393.xml
/home/runner/work/spid-registry-repo/spid-registry-repo/scripts/validate_metadata_qad.py:84: CryptographyDeprecationWarning: Properties that return a naïve datetime object have been deprecated. Please switch to not_valid_after_utc.
  expiry = cert.not_valid_after.replace(tzinfo=timezone.utc)
[WARN] xmlsec1 non trovato, skip firma
--- ERRORI in metadata/c_i704.xml ---
[1.5.2] OrgName deve avere almeno 'it' e 'en' ❌
[1.5.5] OrgDisplayName deve avere almeno 'it' e 'en' ❌
[1.5.8] OrgURL deve avere almeno 'it' e 'en' ❌
[Fri Sep 19 13:22:29 UTC 2025] INVALID: c_i704.xml
/home/runner/work/spid-registry-repo/spid-registry-repo/scripts/validate_metadata_qad.py:84: CryptographyDeprecationWarning: Properties that return a naïve datetime object have been deprecated. Please switch to not_valid_after_utc.
  expiry = cert.not_valid_after.replace(tzinfo=timezone.utc)
[WARN] xmlsec1 non trovato, skip firma
✅ metadata/c_l583.xml valido secondo QAD
[Fri Sep 19 13:22:29 UTC 2025] VALID: c_l583.xml
/home/runner/work/spid-registry-repo/spid-registry-repo/scripts/validate_metadata_qad.py:84: CryptographyDeprecationWarning: Properties that return a naïve datetime object have been deprecated. Please switch to not_valid_after_utc.
  expiry = cert.not_valid_after.replace(tzinfo=timezone.utc)
[WARN] xmlsec1 non trovato, skip firma
--- ERRORI in metadata/c_l710.xml ---
[1.5.2] OrgName deve avere almeno 'it' e 'en' ❌
[1.5.5] OrgDisplayName deve avere almeno 'it' e 'en' ❌
[1.5.8] OrgURL deve avere almeno 'it' e 'en' ❌
[Fri Sep 19 13:22:29 UTC 2025] INVALID: c_l710.xml
/home/runner/work/spid-registry-repo/spid-registry-repo/scripts/validate_metadata_qad.py:84: CryptographyDeprecationWarning: Properties that return a naïve datetime object have been deprecated. Please switch to not_valid_after_utc.
  expiry = cert.not_valid_after.replace(tzinfo=timezone.utc)
[WARN] xmlsec1 non trovato, skip firma
--- ERRORI in metadata/c_m153.xml ---
[1.5.2] OrgName deve avere almeno 'it' e 'en' ❌
[1.5.5] OrgDisplayName deve avere almeno 'it' e 'en' ❌
[1.5.8] OrgURL deve avere almeno 'it' e 'en' ❌
[Fri Sep 19 13:22:29 UTC 2025] INVALID: c_m153.xml
/home/runner/work/spid-registry-repo/spid-registry-repo/scripts/validate_metadata_qad.py:84: CryptographyDeprecationWarning: Properties that return a naïve datetime object have been deprecated. Please switch to not_valid_after_utc.
  expiry = cert.not_valid_after.replace(tzinfo=timezone.utc)
[WARN] xmlsec1 non trovato, skip firma
--- ERRORI in metadata/c_m263.xml ---
[1.5.2] OrgName deve avere almeno 'it' e 'en' ❌
[1.5.5] OrgDisplayName deve avere almeno 'it' e 'en' ❌
[1.5.8] OrgURL deve avere almeno 'it' e 'en' ❌
[Fri Sep 19 13:22:29 UTC 2025] INVALID: c_m263.xml
/home/runner/work/spid-registry-repo/spid-registry-repo/scripts/validate_metadata_qad.py:84: CryptographyDeprecationWarning: Properties that return a naïve datetime object have been deprecated. Please switch to not_valid_after_utc.
  expiry = cert.not_valid_after.replace(tzinfo=timezone.utc)
[WARN] xmlsec1 non trovato, skip firma
--- ERRORI in metadata/c_m269.xml ---
[1.5.2] OrgName deve avere almeno 'it' e 'en' ❌
[1.5.5] OrgDisplayName deve avere almeno 'it' e 'en' ❌
[1.5.8] OrgURL deve avere almeno 'it' e 'en' ❌
[Fri Sep 19 13:22:29 UTC 2025] INVALID: c_m269.xml
/home/runner/work/spid-registry-repo/spid-registry-repo/scripts/validate_metadata_qad.py:84: CryptographyDeprecationWarning: Properties that return a naïve datetime object have been deprecated. Please switch to not_valid_after_utc.
  expiry = cert.not_valid_after.replace(tzinfo=timezone.utc)
[WARN] xmlsec1 non trovato, skip firma
--- ERRORI in metadata/c_m384.xml ---
[1.5.2] OrgName deve avere almeno 'it' e 'en' ❌
[1.5.5] OrgDisplayName deve avere almeno 'it' e 'en' ❌
[1.5.8] OrgURL deve avere almeno 'it' e 'en' ❌
[Fri Sep 19 13:22:29 UTC 2025] INVALID: c_m384.xml
/home/runner/work/spid-registry-repo/spid-registry-repo/scripts/validate_metadata_qad.py:82: CryptographyDeprecationWarning: Parsed a serial number which wasn't positive (i.e., it was negative or zero), which is disallowed by RFC 5280. Loading this certificate will cause an exception in a future release of cryptography.
  cert = x509.load_pem_x509_certificate(pem.encode(), default_backend())
/home/runner/work/spid-registry-repo/spid-registry-repo/scripts/validate_metadata_qad.py:84: CryptographyDeprecationWarning: Properties that return a naïve datetime object have been deprecated. Please switch to not_valid_after_utc.
  expiry = cert.not_valid_after.replace(tzinfo=timezone.utc)
[WARN] xmlsec1 non trovato, skip firma
--- ERRORI in metadata/cdgdgbr.xml ---
[1.5.2] OrgName deve avere almeno 'it' e 'en' ❌
[1.5.5] OrgDisplayName deve avere almeno 'it' e 'en' ❌
[1.5.8] OrgURL deve avere almeno 'it' e 'en' ❌
[Fri Sep 19 13:22:29 UTC 2025] INVALID: cdgdgbr.xml
/home/runner/work/spid-registry-repo/spid-registry-repo/scripts/validate_metadata_qad.py:84: CryptographyDeprecationWarning: Properties that return a naïve datetime object have been deprecated. Please switch to not_valid_after_utc.
  expiry = cert.not_valid_after.replace(tzinfo=timezone.utc)
[WARN] xmlsec1 non trovato, skip firma
--- ERRORI in metadata/cpirm.xml ---
[1.5.2] OrgName deve avere almeno 'it' e 'en' ❌
[1.5.5] OrgDisplayName deve avere almeno 'it' e 'en' ❌
[1.5.8] OrgURL deve avere almeno 'it' e 'en' ❌
[Cert 1] Certificato scaduto il 2021-08-26 12:18:54+00:00 ❌
[Cert 2] Certificato scaduto il 2021-08-26 12:18:54+00:00 ❌
[Cert 3] Certificato scaduto il 2021-08-26 12:18:54+00:00 ❌
[Fri Sep 19 13:22:30 UTC 2025] INVALID: cpirm.xml
/home/runner/work/spid-registry-repo/spid-registry-repo/scripts/validate_metadata_qad.py:84: CryptographyDeprecationWarning: Properties that return a naïve datetime object have been deprecated. Please switch to not_valid_after_utc.
  expiry = cert.not_valid_after.replace(tzinfo=timezone.utc)
[WARN] xmlsec1 non trovato, skip firma
--- ERRORI in metadata/indire.xml ---
[1.5.2] OrgName deve avere almeno 'it' e 'en' ❌
[1.5.5] OrgDisplayName deve avere almeno 'it' e 'en' ❌
[1.5.8] OrgURL deve avere almeno 'it' e 'en' ❌
[Fri Sep 19 13:22:30 UTC 2025] INVALID: indire.xml
/home/runner/work/spid-registry-repo/spid-registry-repo/scripts/validate_metadata_qad.py:84: CryptographyDeprecationWarning: Properties that return a naïve datetime object have been deprecated. Please switch to not_valid_after_utc.
  expiry = cert.not_valid_after.replace(tzinfo=timezone.utc)
[WARN] xmlsec1 non trovato, skip firma
--- ERRORI in metadata/istat.xml ---
[1.5.2] OrgName deve avere almeno 'it' e 'en' ❌
[1.5.5] OrgDisplayName deve avere almeno 'it' e 'en' ❌
[1.5.8] OrgURL deve avere almeno 'it' e 'en' ❌
[Fri Sep 19 13:22:30 UTC 2025] INVALID: istat.xml
/home/runner/work/spid-registry-repo/spid-registry-repo/scripts/validate_metadata_qad.py:84: CryptographyDeprecationWarning: Properties that return a naïve datetime object have been deprecated. Please switch to not_valid_after_utc.
  expiry = cert.not_valid_after.replace(tzinfo=timezone.utc)
[WARN] xmlsec1 non trovato, skip firma
--- ERRORI in metadata/itemt__m_pi.xml ---
[1.5.2] OrgName deve avere almeno 'it' e 'en' ❌
[1.5.5] OrgDisplayName deve avere almeno 'it' e 'en' ❌
[1.5.8] OrgURL deve avere almeno 'it' e 'en' ❌
[Fri Sep 19 13:22:30 UTC 2025] INVALID: itemt__m_pi.xml
/home/runner/work/spid-registry-repo/spid-registry-repo/scripts/validate_metadata_qad.py:84: CryptographyDeprecationWarning: Properties that return a naïve datetime object have been deprecated. Please switch to not_valid_after_utc.
  expiry = cert.not_valid_after.replace(tzinfo=timezone.utc)
[WARN] xmlsec1 non trovato, skip firma
--- ERRORI in metadata/odip_015.xml ---
[1.5.2] OrgName deve avere almeno 'it' e 'en' ❌
[1.5.5] OrgDisplayName deve avere almeno 'it' e 'en' ❌
[1.5.8] OrgURL deve avere almeno 'it' e 'en' ❌
[Fri Sep 19 13:22:30 UTC 2025] INVALID: odip_015.xml
/home/runner/work/spid-registry-repo/spid-registry-repo/scripts/validate_metadata_qad.py:84: CryptographyDeprecationWarning: Properties that return a naïve datetime object have been deprecated. Please switch to not_valid_after_utc.
  expiry = cert.not_valid_after.replace(tzinfo=timezone.utc)
[WARN] xmlsec1 non trovato, skip firma
--- ERRORI in metadata/p_sudsar.xml ---
[1.5.2] OrgName deve avere almeno 'it' e 'en' ❌
[1.5.5] OrgDisplayName deve avere almeno 'it' e 'en' ❌
[1.5.8] OrgURL deve avere almeno 'it' e 'en' ❌
[Fri Sep 19 13:22:30 UTC 2025] INVALID: p_sudsar.xml
/home/runner/work/spid-registry-repo/spid-registry-repo/scripts/validate_metadata_qad.py:84: CryptographyDeprecationWarning: Properties that return a naïve datetime object have been deprecated. Please switch to not_valid_after_utc.
  expiry = cert.not_valid_after.replace(tzinfo=timezone.utc)
[WARN] xmlsec1 non trovato, skip firma
--- ERRORI in metadata/r_sardeg.xml ---
[1.5.2] OrgName deve avere almeno 'it' e 'en' ❌
[1.5.5] OrgDisplayName deve avere almeno 'it' e 'en' ❌
[1.5.8] OrgURL deve avere almeno 'it' e 'en' ❌
[Fri Sep 19 13:22:30 UTC 2025] INVALID: r_sardeg.xml
/home/runner/work/spid-registry-repo/spid-registry-repo/scripts/validate_metadata_qad.py:84: CryptographyDeprecationWarning: Properties that return a naïve datetime object have been deprecated. Please switch to not_valid_after_utc.
  expiry = cert.not_valid_after.replace(tzinfo=timezone.utc)
[WARN] xmlsec1 non trovato, skip firma
--- ERRORI in metadata/r_veneto.xml ---
[Cert 1] Certificato scaduto il 2023-08-08 05:27:34+00:00 ❌
[Cert 2] Certificato scaduto il 2023-08-08 05:27:34+00:00 ❌
[Fri Sep 19 13:22:30 UTC 2025] INVALID: r_veneto.xml

=== SUMMARY ===
Valid metadata:   11
Invalid metadata: 24
Total processed:  35
